<?xml version="1.0" encoding="UTF-8"?>
<testng-results ignored="0" total="4" passed="4" failed="0" skipped="0">
  <reporter-output>
  </reporter-output>
  <suite started-at="2024-04-30T10:08:31 IST" name="Default suite" finished-at="2024-04-30T10:08:42 IST" duration-ms="11065">
    <groups>
    </groups>
    <test started-at="2024-04-30T10:08:31 IST" name="Default test" finished-at="2024-04-30T10:08:42 IST" duration-ms="11065">
      <class name="TestSwagLabs_MavenProject.MavenProject1.Maven_Project_SauceLabs">
        <test-method signature="test1(java.lang.String,java.lang.String)[pri:0, instance:TestSwagLabs_MavenProject.MavenProject1.Maven_Project_SauceLabs@f202d6d]" started-at="2024-04-30T10:08:31 IST" name="test1" data-provider="credentials" finished-at="2024-04-30T10:08:36 IST" duration-ms="4504" status="PASS">
          <params>
            <param index="0">
              <value>
                <![CDATA[standard_user]]>
              </value>
            </param>
            <param index="1">
              <value>
                <![CDATA[secret_sauce]]>
              </value>
            </param>
          </params>
          <reporter-output>
          </reporter-output>
        </test-method> <!-- test1 -->
        <test-method signature="test1(java.lang.String,java.lang.String)[pri:0, instance:TestSwagLabs_MavenProject.MavenProject1.Maven_Project_SauceLabs@f202d6d]" started-at="2024-04-30T10:08:36 IST" name="test1" data-provider="credentials" finished-at="2024-04-30T10:08:36 IST" duration-ms="523" status="PASS">
          <params>
            <param index="0">
              <value>
                <![CDATA[locked_out_user]]>
              </value>
            </param>
            <param index="1">
              <value>
                <![CDATA[secret_sauce]]>
              </value>
            </param>
          </params>
          <reporter-output>
          </reporter-output>
        </test-method> <!-- test1 -->
        <test-method signature="test1(java.lang.String,java.lang.String)[pri:0, instance:TestSwagLabs_MavenProject.MavenProject1.Maven_Project_SauceLabs@f202d6d]" started-at="2024-04-30T10:08:36 IST" name="test1" data-provider="credentials" finished-at="2024-04-30T10:08:37 IST" duration-ms="431" status="PASS">
          <params>
            <param index="0">
              <value>
                <![CDATA[problem_user]]>
              </value>
            </param>
            <param index="1">
              <value>
                <![CDATA[secret_sauce]]>
              </value>
            </param>
          </params>
          <reporter-output>
          </reporter-output>
        </test-method> <!-- test1 -->
        <test-method signature="test1(java.lang.String,java.lang.String)[pri:0, instance:TestSwagLabs_MavenProject.MavenProject1.Maven_Project_SauceLabs@f202d6d]" started-at="2024-04-30T10:08:37 IST" name="test1" data-provider="credentials" finished-at="2024-04-30T10:08:42 IST" duration-ms="5528" status="PASS">
          <params>
            <param index="0">
              <value>
                <![CDATA[performance_glitch_user]]>
              </value>
            </param>
            <param index="1">
              <value>
                <![CDATA[secret_sauce]]>
              </value>
            </param>
          </params>
          <reporter-output>
          </reporter-output>
        </test-method> <!-- test1 -->
      </class> <!-- TestSwagLabs_MavenProject.MavenProject1.Maven_Project_SauceLabs -->
    </test> <!-- Default test -->
  </suite> <!-- Default suite -->
</testng-results>
