<?xml version="1.0" encoding="UTF-8"?>
<testng-results ignored="0" total="4" passed="4" failed="0" skipped="0">
  <reporter-output>
  </reporter-output>
  <suite started-at="2024-04-26T14:00:08 IST" name="Test Suite Maven" finished-at="2024-04-26T14:00:18 IST" duration-ms="9668">
    <groups>
    </groups>
    <test started-at="2024-04-26T14:00:08 IST" name="Parallel Testing" finished-at="2024-04-26T14:00:18 IST" duration-ms="9668">
      <class name="TestSwagLabs_MavenProject.MavenProject1.Maven_Project_SauceLabs">
        <test-method signature="test1(java.lang.String,java.lang.String)[pri:0, instance:TestSwagLabs_MavenProject.MavenProject1.Maven_Project_SauceLabs@5fb65013]" started-at="2024-04-26T14:00:08 IST" name="test1" data-provider="credentials" finished-at="2024-04-26T14:00:11 IST" duration-ms="2492" status="PASS">
          <params>
            <param index="0">
              <value>
                <![CDATA[standard_user]]>
              </value>
            </param>
            <param index="1">
              <value>
                <![CDATA[secret_sauce]]>
              </value>
            </param>
          </params>
          <reporter-output>
          </reporter-output>
        </test-method> <!-- test1 -->
        <test-method signature="test1(java.lang.String,java.lang.String)[pri:0, instance:TestSwagLabs_MavenProject.MavenProject1.Maven_Project_SauceLabs@5fb65013]" started-at="2024-04-26T14:00:11 IST" name="test1" data-provider="credentials" finished-at="2024-04-26T14:00:12 IST" duration-ms="836" status="PASS">
          <params>
            <param index="0">
              <value>
                <![CDATA[locked_out_user]]>
              </value>
            </param>
            <param index="1">
              <value>
                <![CDATA[secret_sauce]]>
              </value>
            </param>
          </params>
          <reporter-output>
          </reporter-output>
        </test-method> <!-- test1 -->
        <test-method signature="test1(java.lang.String,java.lang.String)[pri:0, instance:TestSwagLabs_MavenProject.MavenProject1.Maven_Project_SauceLabs@5fb65013]" started-at="2024-04-26T14:00:12 IST" name="test1" data-provider="credentials" finished-at="2024-04-26T14:00:12 IST" duration-ms="629" status="PASS">
          <params>
            <param index="0">
              <value>
                <![CDATA[problem_user]]>
              </value>
            </param>
            <param index="1">
              <value>
                <![CDATA[secret_sauce]]>
              </value>
            </param>
          </params>
          <reporter-output>
          </reporter-output>
        </test-method> <!-- test1 -->
        <test-method signature="test1(java.lang.String,java.lang.String)[pri:0, instance:TestSwagLabs_MavenProject.MavenProject1.Maven_Project_SauceLabs@5fb65013]" started-at="2024-04-26T14:00:12 IST" name="test1" data-provider="credentials" finished-at="2024-04-26T14:00:18 IST" duration-ms="5623" status="PASS">
          <params>
            <param index="0">
              <value>
                <![CDATA[performance_glitch_user]]>
              </value>
            </param>
            <param index="1">
              <value>
                <![CDATA[secret_sauce]]>
              </value>
            </param>
          </params>
          <reporter-output>
          </reporter-output>
        </test-method> <!-- test1 -->
      </class> <!-- TestSwagLabs_MavenProject.MavenProject1.Maven_Project_SauceLabs -->
    </test> <!-- Parallel Testing -->
  </suite> <!-- Test Suite Maven -->
</testng-results>
