<?xml version="1.0" encoding="UTF-8"?>
<!-- Generated by org.testng.reporters.JUnitXMLReporter -->
<testsuite ignored="0" hostname="BHUKRK353714L" failures="0" tests="4" name="Parallel Testing" time="9.668" errors="0" timestamp="2024-04-26T14:00:18 IST">
  <testcase classname="TestSwagLabs_MavenProject.MavenProject1.Maven_Project_SauceLabs" name="test1" time="2.492"/>
  <testcase classname="TestSwagLabs_MavenProject.MavenProject1.Maven_Project_SauceLabs" name="test1" time="0.836"/>
  <testcase classname="TestSwagLabs_MavenProject.MavenProject1.Maven_Project_SauceLabs" name="test1" time="0.629"/>
  <testcase classname="TestSwagLabs_MavenProject.MavenProject1.Maven_Project_SauceLabs" name="test1" time="5.623"/>
</testsuite> <!-- Parallel Testing -->
