<?xml version="1.0" encoding="UTF-8"?>
<!-- Generated by org.testng.reporters.JUnitXMLReporter -->
<testsuite ignored="0" hostname="BHUKRK353714L" failures="1" tests="1" name="Test" time="18.92" errors="0" timestamp="2024-05-19T11:25:17 IST">
  <testcase classname="TestCaptch.WebTable.TestClass" name="test" time="18.864">
    <failure type="java.lang.NullPointerException" message="Cannot invoke &amp;quot;java.util.List.add(Object)&amp;quot; because &amp;quot;names&amp;quot; is null">
      <![CDATA[java.lang.NullPointerException: Cannot invoke "java.util.List.add(Object)" because "names" is null
at TestCaptch.WebTable.TestClass.test(TestClass.java:36)
at java.base/java.util.ArrayList.forEach(ArrayList.java:1511)
... Removed 27 stack frames]]>
    </failure>
  </testcase> <!-- test -->
</testsuite> <!-- Test -->
