<?xml version="1.0" encoding="UTF-8"?>
<testng-results ignored="0" total="1" passed="1" failed="0" skipped="0">
  <reporter-output>
  </reporter-output>
  <suite started-at="2024-05-21T07:10:40 IST" name="Default suite" finished-at="2024-05-21T07:11:11 IST" duration-ms="31053">
    <groups>
    </groups>
    <test started-at="2024-05-21T07:10:40 IST" name="Default test" finished-at="2024-05-21T07:11:11 IST" duration-ms="31053">
      <class name="TestCaptch.WebTable.TestClass">
        <test-method signature="test()[pri:0, instance:TestCaptch.WebTable.TestClass@36916eb0]" started-at="2024-05-21T07:10:40 IST" name="test" finished-at="2024-05-21T07:11:11 IST" duration-ms="30972" status="PASS">
          <reporter-output>
          </reporter-output>
        </test-method> <!-- test -->
      </class> <!-- TestCaptch.WebTable.TestClass -->
    </test> <!-- Default test -->
  </suite> <!-- Default suite -->
</testng-results>
